<?xml version="1.0" encoding="UTF-8"?>
<testsuite name="FlightTest" tests="4" skipped="0" failures="0" errors="0" timestamp="2019-05-12T21:46:39" hostname="users-MBP" time="0.005">
  <properties/>
  <testcase name="canAddPassenger" classname="FlightTest" time="0.003"/>
  <testcase name="hasDestination" classname="FlightTest" time="0.0"/>
  <testcase name="hasFlightNumber" classname="FlightTest" time="0.001"/>
  <testcase name="hasPlane" classname="FlightTest" time="0.001"/>
  <system-out><![CDATA[]]></system-out>
  <system-err><![CDATA[]]></system-err>
</testsuite>
