<?xml version="1.0" encoding="UTF-8"?>
<testsuite name="FlightTest" tests="5" skipped="0" failures="0" errors="0" timestamp="2019-05-11T12:20:44" hostname="users-MBP" time="0.01">
  <properties/>
  <testcase name="canAddPlane" classname="FlightTest" time="0.005"/>
  <testcase name="hasDestination" classname="FlightTest" time="0.0"/>
  <testcase name="hasFlightNumber" classname="FlightTest" time="0.001"/>
  <testcase name="hasPlane" classname="FlightTest" time="0.002"/>
  <testcase name="canRemoevePlane" classname="FlightTest" time="0.0"/>
  <system-out><![CDATA[]]></system-out>
  <system-err><![CDATA[]]></system-err>
</testsuite>
