<?xml version="1.0" encoding="UTF-8"?>
<testsuite name="HangarTest" tests="5" skipped="0" failures="0" errors="0" timestamp="2019-05-11T19:56:38" hostname="users-MBP" time="0.002">
  <properties/>
  <testcase name="canAddPlane" classname="HangarTest" time="0.0"/>
  <testcase name="canGetPlaneByPlaneType" classname="HangarTest" time="0.0"/>
  <testcase name="canDispatchPlane" classname="HangarTest" time="0.0"/>
  <testcase name="hasPlane" classname="HangarTest" time="0.001"/>
  <testcase name="hasSize" classname="HangarTest" time="0.0"/>
  <system-out><![CDATA[]]></system-out>
  <system-err><![CDATA[]]></system-err>
</testsuite>
