<?xml version="1.0" encoding="UTF-8"?>
<testsuite name="AirportTest" tests="11" skipped="0" failures="0" errors="0" timestamp="2019-05-12T21:46:39" hostname="users-MBP" time="0.02">
  <properties/>
  <testcase name="cannotCreateFlightWhenPlaneDoesNotExist" classname="AirportTest" time="0.002"/>
  <testcase name="hasHangar" classname="AirportTest" time="0.001"/>
  <testcase name="canNotSellTicketForFlight" classname="AirportTest" time="0.003"/>
  <testcase name="hasNumberOfHangars" classname="AirportTest" time="0.001"/>
  <testcase name="canCreateFlight" classname="AirportTest" time="0.0"/>
  <testcase name="hasCode" classname="AirportTest" time="0.0"/>
  <testcase name="cannotAddPassengersFlightDoesNotExists" classname="AirportTest" time="0.001"/>
  <testcase name="canAllocateCorrectSizePlane" classname="AirportTest" time="0.0"/>
  <testcase name="canSellTicketForFlight" classname="AirportTest" time="0.001"/>
  <testcase name="canAddPassengersToFlight" classname="AirportTest" time="0.001"/>
  <testcase name="canAllocateCorrectSizePlaneMorePassengers" classname="AirportTest" time="0.0"/>
  <system-out><![CDATA[]]></system-out>
  <system-err><![CDATA[]]></system-err>
</testsuite>
