<?xml version="1.0" encoding="UTF-8"?>
<testsuite name="AirportTest" tests="6" skipped="0" failures="0" errors="0" timestamp="2019-05-11T12:20:44" hostname="users-MBP" time="0.007">
  <properties/>
  <testcase name="cannotCreateFlightWhenPlaneDoesNotExist" classname="AirportTest" time="0.0"/>
  <testcase name="hasHangar" classname="AirportTest" time="0.001"/>
  <testcase name="hasNumberOfHangars" classname="AirportTest" time="0.001"/>
  <testcase name="canCreateFlight" classname="AirportTest" time="0.0"/>
  <testcase name="hasCode" classname="AirportTest" time="0.001"/>
  <testcase name="canSellTicketForFlight" classname="AirportTest" time="0.001"/>
  <system-out><![CDATA[]]></system-out>
  <system-err><![CDATA[]]></system-err>
</testsuite>
