<?xml version="1.0" encoding="UTF-8"?>
<testsuite name="FlightTest" tests="3" skipped="0" failures="0" errors="0" timestamp="2019-05-11T19:56:37" hostname="users-MBP" time="0.003">
  <properties/>
  <testcase name="hasDestination" classname="FlightTest" time="0.002"/>
  <testcase name="hasFlightNumber" classname="FlightTest" time="0.0"/>
  <testcase name="hasPlane" classname="FlightTest" time="0.0"/>
  <system-out><![CDATA[]]></system-out>
  <system-err><![CDATA[]]></system-err>
</testsuite>
